<?xml version="1.0" encoding="UTF-8"?>
<!-- Generated by org.testng.reporters.JUnitReportReporter -->
<testsuite hostname="SARRAMAK-LAP" failures="0" tests="1" name="testCases.Sample2TestNG" time="0.008" errors="0" timestamp="2024-05-24T12:43:26 IST" skipped="0">
  <testcase classname="testCases.Sample2TestNG" name="f" time="0.008"/>
</testsuite> <!-- testCases.Sample2TestNG -->
