<?xml version="1.0" encoding="UTF-8"?>
<!-- Generated by org.testng.reporters.JUnitReportReporter -->
<testsuite hostname="SARRAMAK-LAP" failures="0" tests="2" name="testCases.Tc002_demo2" time="0.004" errors="0" timestamp="2024-04-05T16:01:40 IST" skipped="0">
  <testcase classname="testCases.Tc002_demo2" name="f2" time="0.002"/>
  <testcase classname="testCases.Tc002_demo2" name="f" time="0.002"/>
  <system-out>
    <![CDATA[Starting the workflow ie1
Browser is launched
Login was sucessful]]>
  </system-out>
</testsuite> <!-- testCases.Tc002_demo2 -->
