<?xml version="1.0" encoding="UTF-8"?>
<!-- Generated by org.testng.reporters.JUnitReportReporter -->
<testsuite hostname="SARRAMAK-LAP" failures="0" tests="1" name="testCases.Tc001_ofos_ie1" time="20.232" errors="0" timestamp="2024-04-05T16:01:40 IST" skipped="0">
  <testcase classname="testCases.Tc001_ofos_ie1" name="test_login" time="20.232">
    <system-out>
      <![CDATA[Starting the workflow ie1
Browser is launched
Login was sucessful]]>
    </system-out>
  </testcase> <!-- test_login -->
  <system-out>
    <![CDATA[Starting the workflow ie1
Browser is launched
Login was sucessful]]>
  </system-out>
</testsuite> <!-- testCases.Tc001_ofos_ie1 -->
