<?xml version="1.0" encoding="UTF-8"?>
<!-- Generated by org.testng.reporters.JUnitReportReporter -->
<testsuite hostname="SARRAMAK-LAP" failures="0" tests="1" name="testCases.Tc_003_LoginDemo" time="0.324" errors="0" timestamp="2024-05-24T14:59:08 IST" skipped="0">
  <testcase classname="testCases.Tc_003_LoginDemo" name="test_login" time="0.324"/>
</testsuite> <!-- testCases.Tc_003_LoginDemo -->
