<?xml version="1.0" encoding="UTF-8"?>
<!-- Generated by org.testng.reporters.JUnitReportReporter -->
<testsuite hostname="SARRAMAK-LAP" failures="0" tests="1" name="testCases.Tc_004_LoginDemo2" time="0.272" errors="0" timestamp="2024-05-24T12:43:26 IST" skipped="0">
  <testcase classname="testCases.Tc_004_LoginDemo2" name="operations_login" time="0.272"/>
</testsuite> <!-- testCases.Tc_004_LoginDemo2 -->
