<?xml version="1.0" encoding="UTF-8"?>
<!-- Generated by org.testng.reporters.JUnitReportReporter -->
<testsuite hostname="SARRAMAK-LAP" failures="0" tests="1" name="testCases.MyFirstTestNg" time="0.010" errors="0" timestamp="2024-05-24T12:43:26 IST" skipped="0">
  <testcase classname="testCases.MyFirstTestNg" name="test1" time="0.010"/>
</testsuite> <!-- testCases.MyFirstTestNg -->
