<?xml version="1.0" encoding="UTF-8"?>
<!-- Generated by org.testng.reporters.JUnitReportReporter -->
<testsuite hostname="SARRAMAK-LAP" failures="0" tests="1" name="testCases.Tc_003_LoginDemo" time="0.300" errors="0" timestamp="2024-05-31T12:03:02 IST" skipped="0">
  <testcase classname="testCases.Tc_003_LoginDemo" name="test_login" time="0.300"/>
</testsuite> <!-- testCases.Tc_003_LoginDemo -->
